******************************************************************* 
* Among all indices:                                                
* 8 proposed 2 as the best number of clusters 
* 9 proposed 3 as the best number of clusters 
* 3 proposed 5 as the best number of clusters 
* 2 proposed 13 as the best number of clusters 
* 2 proposed 15 as the best number of clusters 

                   ***** Conclusion *****                            
 
* According to the majority rule, the best number of clusters is  3 
 
 
******************************************************************* 
> barplot(table(nc$Best.n[1,]),
+ xlab="Numer of Clusters", ylab="Number of Criteria",
+ main="Number of Clusters Chosen by 26 Criteria")
> fit.km <- kmeans(dataStandart, 3, nstart=25)
> fit.km$size
[1] 47 50 53
> fit.km$centers
        Attr1       Attr2      Attr3      Attr4
1  1.13217737  0.08812645  0.9928284  1.0141287
2 -1.01119138  0.85041372 -1.3006301 -1.2507035
3 -0.05005221 -0.88042696  0.3465767  0.2805873
> aggregate(dataSet, by=list(cluster=fit.km$cluster), mean)
  cluster    Attr1    Attr2    Attr3    Attr4
1       1 6.780851 3.095745 5.510638 1.972340
2       2 5.006000 3.428000 1.462000 0.246000
3       3 5.801887 2.673585 4.369811 1.413208
> fit.km$cluster
  [1] 2 2 2 2 2 2 2 2 2 2 2 2 2 2 2 2 2 2 2 2 2 2 2 2 2 2 2 2 2 2 2 2 2 2 2 2 2 2 2 2 1 1 1 3 3 3 1 3 3 3 3 3 3
 [54] 3 3 1 3 3 3 3 1 3 3 3 3 1 1 1 3 3 3 3 3 3 3 1 1 3 3 3 1 3 1 1 1 1 3 1 1 1 1 1 1 3 3 1 1 1 1 3 1 3 1 3 1 1
[107] 3 1 1 1 1 1 1 3 3 1 1 1 3 1 2 2 2 2 2 2 2 2 2 2 3 3 3 3 3 3 3 3 3 3 1 1 3 1 1 1 3 1 1 3
> resultDataSet <- data.frame(dataSet, fit.km$cluster)
> resultDataSet
    Attr1 Attr2 Attr3 Attr4 fit.km.cluster
1     5.1   3.5   1.4   0.2              2
2     4.9   3.0   1.4   0.2              2
3     4.7   3.2   1.3   0.2              2
4     4.6   3.1   1.5   0.2              2
5     5.0   3.6   1.4   0.2              2
6     5.4   3.9   1.7   0.4              2
7     4.6   3.4   1.4   0.3              2
8     5.0   3.4   1.5   0.2              2
9     4.4   2.9   1.4   0.2              2
10    4.9   3.1   1.5   0.1              2
11    5.4   3.7   1.5   0.2              2
12    4.8   3.4   1.6   0.2              2
13    4.8   3.0   1.4   0.1              2
14    4.3   3.0   1.1   0.1              2
15    5.8   4.0   1.2   0.2              2
16    5.7   4.4   1.5   0.4              2
17    5.4   3.9   1.3   0.4              2
18    5.1   3.5   1.4   0.3              2
19    5.7   3.8   1.7   0.3              2
20    5.1   3.8   1.5   0.3              2
21    5.4   3.4   1.7   0.2              2
22    5.1   3.7   1.5   0.4              2
23    4.6   3.6   1.0   0.2              2
24    5.1   3.3   1.7   0.5              2
25    4.8   3.4   1.9   0.2              2
26    5.0   3.0   1.6   0.2              2
27    5.0   3.4   1.6   0.4              2
28    5.2   3.5   1.5   0.2              2
29    5.2   3.4   1.4   0.2              2
30    4.7   3.2   1.6   0.2              2
31    4.8   3.1   1.6   0.2              2
32    5.4   3.4   1.5   0.4              2
33    5.2   4.1   1.5   0.1              2
34    5.5   4.2   1.4   0.2              2
35    4.9   3.1   1.5   0.2              2
36    5.0   3.2   1.2   0.2              2
37    5.5   3.5   1.3   0.2              2
38    4.9   3.6   1.4   0.1              2
39    4.4   3.0   1.3   0.2              2
40    5.1   3.4   1.5   0.2              2
41    7.0   3.2   4.7   1.4              1
42    6.4   3.2   4.5   1.5              1
43    6.9   3.1   4.9   1.5              1
44    5.5   2.3   4.0   1.3              3
45    6.5   2.8   4.6   1.5              3
46    5.7   2.8   4.5   1.3              3
47    6.3   3.3   4.7   1.6              1
48    4.9   2.4   3.3   1.0              3
49    6.6   2.9   4.6   1.3              3
50    5.2   2.7   3.9   1.4              3
51    5.0   2.0   3.5   1.0              3
52    5.9   3.0   4.2   1.5              3
53    6.0   2.2   4.0   1.0              3
54    6.1   2.9   4.7   1.4              3
55    5.6   2.9   3.6   1.3              3
56    6.7   3.1   4.4   1.4              1
57    5.6   3.0   4.5   1.5              3
58    5.8   2.7   4.1   1.0              3
59    6.2   2.2   4.5   1.5              3
60    5.6   2.5   3.9   1.1              3
61    5.9   3.2   4.8   1.8              1
62    6.1   2.8   4.0   1.3              3
63    6.3   2.5   4.9   1.5              3
64    6.1   2.8   4.7   1.2              3
65    6.4   2.9   4.3   1.3              3
66    6.6   3.0   4.4   1.4              1
67    6.8   2.8   4.8   1.4              1
68    6.7   3.0   5.0   1.7              1
69    6.0   2.9   4.5   1.5              3
70    5.7   2.6   3.5   1.0              3
71    5.5   2.4   3.8   1.1              3
72    5.5   2.4   3.7   1.0              3
73    5.8   2.7   3.9   1.2              3
74    6.0   2.7   5.1   1.6              3
75    5.4   3.0   4.5   1.5              3
76    6.0   3.4   4.5   1.6              1
77    6.7   3.1   4.7   1.5              1
78    6.3   2.3   4.4   1.3              3
79    5.6   3.0   4.1   1.3              3
80    5.5   2.5   4.0   1.3              3
81    6.3   3.3   6.0   2.5              1
82    5.8   2.7   5.1   1.9              3
83    7.1   3.0   5.9   2.1              1
84    6.3   2.9   5.6   1.8              1
85    6.5   3.0   5.8   2.2              1
86    7.6   3.0   6.6   2.1              1
87    4.9   2.5   4.5   1.7              3
88    7.3   2.9   6.3   1.8              1
89    6.7   2.5   5.8   1.8              1
90    7.2   3.6   6.1   2.5              1
91    6.5   3.2   5.1   2.0              1
92    6.4   2.7   5.3   1.9              1
93    6.8   3.0   5.5   2.1              1
94    5.7   2.5   5.0   2.0              3
95    5.8   2.8   5.1   2.4              3
96    6.4   3.2   5.3   2.3              1
97    6.5   3.0   5.5   1.8              1
98    7.7   3.8   6.7   2.2              1
99    7.7   2.6   6.9   2.3              1
100   6.0   2.2   5.0   1.5              3
101   6.9   3.2   5.7   2.3              1
102   5.6   2.8   4.9   2.0              3
103   7.7   2.8   6.7   2.0              1
104   6.3   2.7   4.9   1.8              3
105   6.7   3.3   5.7   2.1              1
106   7.2   3.2   6.0   1.8              1
107   6.2   2.8   4.8   1.8              3
108   6.1   3.0   4.9   1.8              1
109   6.4   2.8   5.6   2.1              1
110   7.2   3.0   5.8   1.6              1
111   7.4   2.8   6.1   1.9              1
112   7.9   3.8   6.4   2.0              1
113   6.4   2.8   5.6   2.2              1
114   6.3   2.8   5.1   1.5              3
115   6.1   2.6   5.6   1.4              3
116   7.7   3.0   6.1   2.3              1
117   6.3   3.4   5.6   2.4              1
118   6.4   3.1   5.5   1.8              1
119   6.0   3.0   4.8   1.8              3
120   6.9   3.1   5.4   2.1              1
121   5.0   3.5   1.3   0.3              2
122   4.5   2.3   1.3   0.3              2
123   4.4   3.2   1.3   0.2              2
124   5.0   3.5   1.6   0.6              2
125   5.1   3.8   1.9   0.4              2
126   4.8   3.0   1.4   0.3              2
127   5.1   3.8   1.6   0.2              2
128   4.6   3.2   1.4   0.2              2
129   5.3   3.7   1.5   0.2              2
130   5.0   3.3   1.4   0.2              2
131   5.5   2.6   4.4   1.2              3
132   6.1   3.0   4.6   1.4              3
133   5.8   2.6   4.0   1.2              3
134   5.0   2.3   3.3   1.0              3
135   5.6   2.7   4.2   1.3              3
136   5.7   3.0   4.2   1.2              3
137   5.7   2.9   4.2   1.3              3
138   6.2   2.9   4.3   1.3              3
139   5.1   2.5   3.0   1.1              3
140   5.7   2.8   4.1   1.3              3
141   6.7   3.1   5.6   2.4              1
142   6.9   3.1   5.1   2.3              1
143   5.8   2.7   5.1   1.9              3
144   6.8   3.2   5.9   2.3              1
145   6.7   3.3   5.7   2.5              1
146   6.7   3.0   5.2   2.3              1
147   6.3   2.5   5.0   1.9              3
148   6.5   3.0   5.2   2.0              1
149   6.2   3.4   5.4   2.3              1
150   5.9   3.0   5.1   1.8              3
