> summary(glm.out)

Call:
glm(formula = y ~ x, family = binomial(logit))

Deviance Residuals: 
    Min       1Q   Median       3Q      Max  
-1.9065  -0.4875  -0.0592   0.4519   1.9451  

Coefficients:
            Estimate Std. Error z value Pr(>|z|)    
(Intercept) -18.6175     1.1790  -15.79   <2e-16 ***
x             3.1032     0.1966   15.78   <2e-16 ***
---
Signif. codes:  0 *** 0.001 ** 0.01 * 0.05 . 0.1   1

(Dispersion parameter for binomial family taken to be 1)

    Null deviance: 1385.72  on 999  degrees of freedom
Residual deviance:  692.84  on 998  degrees of freedom
AIC: 696.84

Number of Fisher Scoring iterations: 6

> confint(glm.out)
Waiting for profiling to be done...
                 2.5 %     97.5 %
(Intercept) -21.038624 -16.410480
x             2.735205   3.507104
